0 info it worked if it ends with ok
1 verbose cli [ 'D:\\Program Files\\nodejs\\node.exe',
1 verbose cli   'C:\\Users\\luke\\AppData\\Roaming\\npm\\node_modules\\npm\\bin\\npm-cli.js',
1 verbose cli   'test' ]
2 info using npm@4.0.5
3 info using node@v8.9.1
4 verbose stack Error: Failed to parse json
4 verbose stack Unexpected token 'a' at 14:4
4 verbose stack   "author": "",
4 verbose stack    ^
4 verbose stack     at parseError (C:\Users\luke\AppData\Roaming\npm\node_modules\npm\node_modules\read-package-json\read-json.js:390:11)
4 verbose stack     at parseJson (C:\Users\luke\AppData\Roaming\npm\node_modules\npm\node_modules\read-package-json\read-json.js:79:23)
4 verbose stack     at C:\Users\luke\AppData\Roaming\npm\node_modules\npm\node_modules\read-package-json\read-json.js:48:5
4 verbose stack     at C:\Users\luke\AppData\Roaming\npm\node_modules\npm\node_modules\graceful-fs\graceful-fs.js:78:16
4 verbose stack     at FSReqWrap.readFileAfterClose [as oncomplete] (fs.js:511:3)
5 verbose cwd D:\Users\luke\React\courses\nodejs\node-todo-api
6 error Windows_NT 10.0.14393
7 error argv "D:\\Program Files\\nodejs\\node.exe" "C:\\Users\\luke\\AppData\\Roaming\\npm\\node_modules\\npm\\bin\\npm-cli.js" "test"
8 error node v8.9.1
9 error npm  v4.0.5
10 error file D:\Users\luke\React\courses\nodejs\node-todo-api\package.json
11 error code EJSONPARSE
12 error Failed to parse json
12 error Unexpected token 'a' at 14:4
12 error   "author": "",
12 error    ^
13 error File: D:\Users\luke\React\courses\nodejs\node-todo-api\package.json
14 error Failed to parse package.json data.
14 error package.json must be actual JSON, not just JavaScript.
14 error
14 error This is not a bug in npm.
14 error Tell the package author to fix their package.json file. JSON.parse
15 verbose exit [ 1, true ]
